Start Extractor:  Wed Jan 28 21:13:43 UTC 2015
Start Analyzing File ../repos/dantest:  Wed Jan 28 21:13:44 UTC 2015
***Android_Manifest_AppInfo Insert: dantest:  Wed Jan 28 21:13:44 UTC 2015
***Android Manifest File found for: dantest - ../repos/dantest/blahFiles/AndroidManifest.xml:  Wed Jan 28 21:13:46 UTC 2015
***Android_Manifest_commitinfo Insert: dantest 21c85d0e8da86c03d34a705f1925c10ca8fcb568  Wed Jan 28 21:13:48 UTC 2015
***Android_Manifest_commitinfo Insert: dantest 729fe2e696f0af1124a5e431c89446742a23cff1  Wed Jan 28 21:13:50 UTC 2015
***Android_Manifest_commitinfo Insert: dantest c3f0b719a66041af75c8aa8762bb1a1c1558e31d  Wed Jan 28 21:13:51 UTC 2015
***Android_Manifest_commitinfo Insert: dantest a803186d741d459d8f2e729eb517eeb62b76eb7a  Wed Jan 28 21:13:51 UTC 2015
***Android_Manifest_commitinfo Insert: dantest 5996e46a43b4f5c86ffa710663b4aa2334b9d206  Wed Jan 28 21:13:52 UTC 2015
***Android_Manifest_commitinfo Insert: dantest b1ca06ef094e761446779457f0deb7f9e65d80bc  Wed Jan 28 21:13:53 UTC 2015
***Android_Manifest_commitinfo Insert: dantest 06a833b1f26c627e23c90772bdcff24f0c9622ac  Wed Jan 28 21:13:53 UTC 2015
***Android_Manifest_commitinfo Insert: dantest 4bf47fb3d40b101ff04b01822635206102c07c78  Wed Jan 28 21:13:54 UTC 2015
***Android_Manifest_commitinfo Insert: dantest 2dbe56cd3b8cdabf2528023d5bed002141c05bf0  Wed Jan 28 21:13:54 UTC 2015
Start Analyzing File ../repos/dantest2:  Wed Jan 28 21:13:56 UTC 2015
***Android_Manifest_AppInfo Insert: dantest2:  Wed Jan 28 21:13:56 UTC 2015
***Android Manifest File found for: dantest2 - ../repos/dantest2/blahFiles/AndroidManifest.xml:  Wed Jan 28 21:13:58 UTC 2015
***Android_Manifest_commitinfo Insert: dantest2 c3f0b719a66041af75c8aa8762bb1a1c1558e31d  Wed Jan 28 21:13:59 UTC 2015
***Android_Manifest_commitinfo Insert: dantest2 a803186d741d459d8f2e729eb517eeb62b76eb7a  Wed Jan 28 21:13:59 UTC 2015
***Android_Manifest_commitinfo Insert: dantest2 5996e46a43b4f5c86ffa710663b4aa2334b9d206  Wed Jan 28 21:14:00 UTC 2015
***Android_Manifest_commitinfo Insert: dantest2 b1ca06ef094e761446779457f0deb7f9e65d80bc  Wed Jan 28 21:14:01 UTC 2015
***Android_Manifest_commitinfo Insert: dantest2 06a833b1f26c627e23c90772bdcff24f0c9622ac  Wed Jan 28 21:14:01 UTC 2015
***Android_Manifest_commitinfo Insert: dantest2 4bf47fb3d40b101ff04b01822635206102c07c78  Wed Jan 28 21:14:02 UTC 2015
***Android_Manifest_commitinfo Insert: dantest2 2dbe56cd3b8cdabf2528023d5bed002141c05bf0  Wed Jan 28 21:14:03 UTC 2015
Total Running Time -23707993 minutes and -43 seconds.
End: Wed Jan 28 21:14:03 UTC 2015
